This file contains any messages produced by compilers while
running configure, to aid debugging if configure makes a mistake.

It was created by stereodemux configure 0.1-SNAPSHOT, which was
generated by GNU Autoconf 2.69.  Invocation command line was

  $ ./configure 

## --------- ##
## Platform. ##
## --------- ##

hostname = Dell.local
uname -m = x86_64
uname -r = 19.3.0
uname -s = Darwin
uname -v = Darwin Kernel Version 19.3.0: Thu Jan  9 20:58:23 PST 2020; root:xnu-6153.81.5~1/RELEASE_X86_64

/usr/bin/uname -p = i386
/bin/uname -X     = unknown

/bin/arch              = unknown
/usr/bin/arch -k       = unknown
/usr/convex/getsysinfo = unknown
/usr/bin/hostinfo      = Mach kernel version:
	 Darwin Kernel Version 19.3.0: Thu Jan  9 20:58:23 PST 2020; root:xnu-6153.81.5~1/RELEASE_X86_64
Kernel configured for up to 12 processors.
6 processors are physically available.
12 processors are logically available.
Processor type: i486 (Intel 80486)
Processors active: 0 1 2 3 4 5 6 7 8 9 10 11
Primary memory available: 16.00 gigabytes
Default processor set: 443 tasks, 1759 threads, 12 processors
Load average: 2.11, Mach factor: 9.88
/bin/machine           = unknown
/usr/bin/oslevel       = unknown
/bin/universe          = unknown

PATH: /opt/local/sbin
PATH: /opt/local/bin
PATH: /Applications/Xcode.app/Contents/Developer/Toolchains/XcodeDefault.xctoolchain/usr/bin
PATH: /Applications/Xcode.app/Contents/Developer/Toolchains/XcodeDefault.xctoolchain/usr/local/bin
PATH: /Applications/Xcode.app/Contents/Developer/Toolchains/XcodeDefault.xctoolchain/usr/libexec
PATH: /Applications/Xcode.app/Contents/Developer/Platforms/MacOSX.platform/Developer/usr/bin
PATH: /Applications/Xcode.app/Contents/Developer/Platforms/MacOSX.platform/Developer/usr/local/bin
PATH: /Applications/Xcode.app/Contents/Developer/Platforms/MacOSX.platform/usr/bin
PATH: /Applications/Xcode.app/Contents/Developer/Platforms/MacOSX.platform/usr/local/bin
PATH: /Applications/Xcode.app/Contents/Developer/usr/bin
PATH: /Applications/Xcode.app/Contents/Developer/usr/local/bin
PATH: /Applications/Xcode.app/Contents/Developer/Tools
PATH: /usr/local/bin
PATH: /usr/bin
PATH: /bin
PATH: /usr/sbin
PATH: /sbin


## ----------- ##
## Core tests. ##
## ----------- ##

configure:1939: checking for a BSD-compatible install
configure:2007: result: /opt/local/bin/ginstall -c
configure:2018: checking whether build environment is sane
configure:2073: result: yes
configure:2224: checking for a thread-safe mkdir -p
configure:2263: result: /opt/local/bin/gmkdir -p
configure:2270: checking for gawk
configure:2300: result: no
configure:2270: checking for mawk
configure:2300: result: no
configure:2270: checking for nawk
configure:2300: result: no
configure:2270: checking for awk
configure:2286: found /usr/bin/awk
configure:2297: result: awk
configure:2308: checking whether make sets $(MAKE)
configure:2330: result: yes
configure:2359: checking whether make supports nested variables
configure:2376: result: yes
configure:2519: checking whether make supports the include directive
configure:2534: make -f confmf.GNU && cat confinc.out
this is the am__doit target
configure:2537: $? = 0
configure:2556: result: yes (GNU style)
configure:2626: checking for gcc
configure:2642: found /Applications/Xcode.app/Contents/Developer/usr/bin/gcc
configure:2653: result: gcc
configure:2882: checking for C compiler version
configure:2891: gcc --version >&5
Apple clang version 11.0.0 (clang-1100.0.33.17)
Target: x86_64-apple-darwin19.3.0
Thread model: posix
InstalledDir: /Applications/Xcode.app/Contents/Developer/Toolchains/XcodeDefault.xctoolchain/usr/bin
Configured with: --prefix=/Applications/Xcode.app/Contents/Developer/usr --with-gxx-include-dir=/Applications/Xcode.app/Contents/Developer/Platforms/MacOSX.platform/Developer/SDKs/MacOSX10.15.sdk/usr/include/c++/4.2.1
configure:2902: $? = 0
configure:2891: gcc -v >&5
Configured with: --prefix=/Applications/Xcode.app/Contents/Developer/usr --with-gxx-include-dir=/Applications/Xcode.app/Contents/Developer/Platforms/MacOSX.platform/Developer/SDKs/MacOSX10.15.sdk/usr/include/c++/4.2.1
Apple clang version 11.0.0 (clang-1100.0.33.17)
Target: x86_64-apple-darwin19.3.0
Thread model: posix
InstalledDir: /Applications/Xcode.app/Contents/Developer/Toolchains/XcodeDefault.xctoolchain/usr/bin
configure:2902: $? = 0
configure:2891: gcc -V >&5
clang: error: unsupported option '-V -Wno-framework-include-private-from-public'
clang: error: no input files
configure:2902: $? = 1
configure:2891: gcc -qversion >&5
clang: error: unknown argument '-qversion', did you mean '--version'?
clang: error: no input files
configure:2902: $? = 1
configure:2922: checking whether the C compiler works
configure:2944: gcc  -I/opt/local/include -L/opt/local/lib conftest.c  >&5
configure:2948: $? = 0
configure:2996: result: yes
configure:2999: checking for C compiler default output file name
configure:3001: result: a.out
configure:3007: checking for suffix of executables
configure:3014: gcc -o conftest  -I/opt/local/include -L/opt/local/lib conftest.c  >&5
configure:3018: $? = 0
configure:3040: result: 
configure:3062: checking whether we are cross compiling
configure:3070: gcc -o conftest  -I/opt/local/include -L/opt/local/lib conftest.c  >&5
configure:3074: $? = 0
configure:3081: ./conftest
configure:3085: $? = 0
configure:3100: result: no
configure:3105: checking for suffix of object files
configure:3127: gcc -c  -I/opt/local/include conftest.c >&5
configure:3131: $? = 0
configure:3152: result: o
configure:3156: checking whether we are using the GNU C compiler
configure:3175: gcc -c  -I/opt/local/include conftest.c >&5
configure:3175: $? = 0
configure:3184: result: yes
configure:3193: checking whether gcc accepts -g
configure:3213: gcc -c -g -I/opt/local/include conftest.c >&5
configure:3213: $? = 0
configure:3254: result: yes
configure:3271: checking for gcc option to accept ISO C89
configure:3334: gcc  -c -g -O2 -I/opt/local/include conftest.c >&5
configure:3334: $? = 0
configure:3347: result: none needed
configure:3372: checking whether gcc understands -c and -o together
configure:3394: gcc -c conftest.c -o conftest2.o
configure:3397: $? = 0
configure:3394: gcc -c conftest.c -o conftest2.o
configure:3397: $? = 0
configure:3409: result: yes
configure:3428: checking dependency style of gcc
configure:3539: result: gcc3
configure:3555: checking for symtrack_cccf_create in -lliquid
configure:3580: gcc -o conftest -g -O2 -I/opt/local/include -L/opt/local/lib conftest.c -lliquid   >&5
configure:3580: $? = 0
configure:3589: result: yes
configure:3608: checking for /opt/local/lib
configure:3621: result: yes
configure:3632: checking for /opt/local/lib
configure:3645: result: yes
configure:3654: checking for main in -lsndfile
configure:3673: gcc -o conftest -g -O2 -I/opt/local/include -L/opt/local/lib conftest.c -lsndfile   >&5
configure:3673: $? = 0
configure:3682: result: yes
configure:3757: checking for g++
configure:3773: found /Applications/Xcode.app/Contents/Developer/usr/bin/g++
configure:3784: result: g++
configure:3811: checking for C++ compiler version
configure:3820: g++ --version >&5
Apple clang version 11.0.0 (clang-1100.0.33.17)
Target: x86_64-apple-darwin19.3.0
Thread model: posix
InstalledDir: /Applications/Xcode.app/Contents/Developer/Toolchains/XcodeDefault.xctoolchain/usr/bin
Configured with: --prefix=/Applications/Xcode.app/Contents/Developer/usr --with-gxx-include-dir=/Applications/Xcode.app/Contents/Developer/Platforms/MacOSX.platform/Developer/SDKs/MacOSX10.15.sdk/usr/include/c++/4.2.1
configure:3831: $? = 0
configure:3820: g++ -v >&5
Configured with: --prefix=/Applications/Xcode.app/Contents/Developer/usr --with-gxx-include-dir=/Applications/Xcode.app/Contents/Developer/Platforms/MacOSX.platform/Developer/SDKs/MacOSX10.15.sdk/usr/include/c++/4.2.1
Apple clang version 11.0.0 (clang-1100.0.33.17)
Target: x86_64-apple-darwin19.3.0
Thread model: posix
InstalledDir: /Applications/Xcode.app/Contents/Developer/Toolchains/XcodeDefault.xctoolchain/usr/bin
configure:3831: $? = 0
configure:3820: g++ -V >&5
clang: error: unsupported option '-V -Wno-framework-include-private-from-public'
clang: error: no input files
configure:3831: $? = 1
configure:3820: g++ -qversion >&5
clang: error: unknown argument '-qversion', did you mean '--version'?
clang: error: no input files
configure:3831: $? = 1
configure:3835: checking whether we are using the GNU C++ compiler
configure:3854: g++ -c  -I/opt/local/include conftest.cpp >&5
configure:3854: $? = 0
configure:3863: result: yes
configure:3872: checking whether g++ accepts -g
configure:3892: g++ -c -g -I/opt/local/include conftest.cpp >&5
configure:3892: $? = 0
configure:3933: result: yes
configure:3958: checking dependency style of g++
configure:4069: result: gcc3
configure:4127: checking for ranlib
configure:4143: found /Applications/Xcode.app/Contents/Developer/Toolchains/XcodeDefault.xctoolchain/usr/bin/ranlib
configure:4154: result: ranlib
configure:4292: checking that generated files are newer than configure
configure:4298: result: done
configure:4325: creating ./config.status

## ---------------------- ##
## Running config.status. ##
## ---------------------- ##

This file was extended by stereodemux config.status 0.1-SNAPSHOT, which was
generated by GNU Autoconf 2.69.  Invocation command line was

  CONFIG_FILES    = 
  CONFIG_HEADERS  = 
  CONFIG_LINKS    = 
  CONFIG_COMMANDS = 
  $ ./config.status 

on Dell.local

config.status:853: creating Makefile
config.status:853: creating config.h
config.status:1034: config.h is unchanged
config.status:1082: executing depfiles commands
config.status:1159: cd .       && sed -e '/# am--include-marker/d' Makefile         | make -f - am--depfiles
make: Nothing to be done for `am--depfiles'.
config.status:1164: $? = 0

## ---------------- ##
## Cache variables. ##
## ---------------- ##

ac_cv_c_compiler_gnu=yes
ac_cv_cxx_compiler_gnu=yes
ac_cv_env_CCC_set=
ac_cv_env_CCC_value=
ac_cv_env_CC_set=
ac_cv_env_CC_value=
ac_cv_env_CFLAGS_set=
ac_cv_env_CFLAGS_value=
ac_cv_env_CPPFLAGS_set=set
ac_cv_env_CPPFLAGS_value=-I/opt/local/include
ac_cv_env_CXXFLAGS_set=
ac_cv_env_CXXFLAGS_value=
ac_cv_env_CXX_set=
ac_cv_env_CXX_value=
ac_cv_env_LDFLAGS_set=set
ac_cv_env_LDFLAGS_value=-L/opt/local/lib
ac_cv_env_LIBS_set=
ac_cv_env_LIBS_value=
ac_cv_env_build_alias_set=
ac_cv_env_build_alias_value=
ac_cv_env_host_alias_set=
ac_cv_env_host_alias_value=
ac_cv_env_target_alias_set=
ac_cv_env_target_alias_value=
ac_cv_file__opt_local_lib=yes
ac_cv_lib_liquid_symtrack_cccf_create=yes
ac_cv_lib_sndfile_main=yes
ac_cv_objext=o
ac_cv_path_install='/opt/local/bin/ginstall -c'
ac_cv_path_mkdir=/opt/local/bin/gmkdir
ac_cv_prog_AWK=awk
ac_cv_prog_ac_ct_CC=gcc
ac_cv_prog_ac_ct_CXX=g++
ac_cv_prog_ac_ct_RANLIB=ranlib
ac_cv_prog_cc_c89=
ac_cv_prog_cc_g=yes
ac_cv_prog_cxx_g=yes
ac_cv_prog_make_make_set=yes
am_cv_CC_dependencies_compiler_type=gcc3
am_cv_CXX_dependencies_compiler_type=gcc3
am_cv_make_support_nested_variables=yes
am_cv_prog_cc_c_o=yes

## ----------------- ##
## Output variables. ##
## ----------------- ##

ACLOCAL='${SHELL} /Volumes/Mercury/Users/dsward/Documents/ArkPhone_LLC_Projects/LocalRadio/wfm-tools/stereodemux/missing aclocal-1.16'
AMDEPBACKSLASH='\'
AMDEP_FALSE='#'
AMDEP_TRUE=''
AMTAR='$${TAR-tar}'
AM_BACKSLASH='\'
AM_DEFAULT_V='$(AM_DEFAULT_VERBOSITY)'
AM_DEFAULT_VERBOSITY='1'
AM_V='$(V)'
AUTOCONF='${SHELL} /Volumes/Mercury/Users/dsward/Documents/ArkPhone_LLC_Projects/LocalRadio/wfm-tools/stereodemux/missing autoconf'
AUTOHEADER='${SHELL} /Volumes/Mercury/Users/dsward/Documents/ArkPhone_LLC_Projects/LocalRadio/wfm-tools/stereodemux/missing autoheader'
AUTOMAKE='${SHELL} /Volumes/Mercury/Users/dsward/Documents/ArkPhone_LLC_Projects/LocalRadio/wfm-tools/stereodemux/missing automake-1.16'
AWK='awk'
CC='gcc'
CCDEPMODE='depmode=gcc3'
CFLAGS='-g -O2'
CPPFLAGS='-I/opt/local/include'
CXX='g++'
CXXDEPMODE='depmode=gcc3'
CXXFLAGS='-g -O2'
CYGPATH_W='echo'
DEFS='-DHAVE_CONFIG_H'
DEPDIR='.deps'
ECHO_C='\c'
ECHO_N=''
ECHO_T=''
EXEEXT=''
INSTALL_DATA='${INSTALL} -m 644'
INSTALL_PROGRAM='${INSTALL}'
INSTALL_SCRIPT='${INSTALL}'
INSTALL_STRIP_PROGRAM='$(install_sh) -c -s'
LDFLAGS='-L/opt/local/lib'
LIBOBJS=''
LIBS=''
LIQUID='-lliquid'
LTLIBOBJS=''
MACPORTS_CF='-I/opt/local/include'
MACPORTS_LD='-L/opt/local/lib'
MAKEINFO='${SHELL} /Volumes/Mercury/Users/dsward/Documents/ArkPhone_LLC_Projects/LocalRadio/wfm-tools/stereodemux/missing makeinfo'
MKDIR_P='/opt/local/bin/gmkdir -p'
OBJEXT='o'
PACKAGE='stereodemux'
PACKAGE_BUGREPORT='oona@kapsi.fi'
PACKAGE_NAME='stereodemux'
PACKAGE_STRING='stereodemux 0.1-SNAPSHOT'
PACKAGE_TARNAME='stereodemux'
PACKAGE_URL='https://github.com/windytan/wfm-tools'
PACKAGE_VERSION='0.1-SNAPSHOT'
PATH_SEPARATOR=':'
RANLIB='ranlib'
SET_MAKE=''
SHELL='/bin/sh'
SNDFILE='-lsndfile'
STRIP=''
VERSION='0.1-SNAPSHOT'
ac_ct_CC='gcc'
ac_ct_CXX='g++'
am__EXEEXT_FALSE=''
am__EXEEXT_TRUE='#'
am__fastdepCC_FALSE='#'
am__fastdepCC_TRUE=''
am__fastdepCXX_FALSE='#'
am__fastdepCXX_TRUE=''
am__include='include'
am__isrc=''
am__leading_dot='.'
am__nodep='_no'
am__quote=''
am__tar='$${TAR-tar} chof - "$$tardir"'
am__untar='$${TAR-tar} xf -'
bindir='${exec_prefix}/bin'
build_alias=''
datadir='${datarootdir}'
datarootdir='${prefix}/share'
docdir='${datarootdir}/doc/${PACKAGE_TARNAME}'
dvidir='${docdir}'
exec_prefix='${prefix}'
host_alias=''
htmldir='${docdir}'
includedir='${prefix}/include'
infodir='${datarootdir}/info'
install_sh='${SHELL} /Volumes/Mercury/Users/dsward/Documents/ArkPhone_LLC_Projects/LocalRadio/wfm-tools/stereodemux/install-sh'
libdir='${exec_prefix}/lib'
libexecdir='${exec_prefix}/libexec'
localedir='${datarootdir}/locale'
localstatedir='${prefix}/var'
mandir='${datarootdir}/man'
mkdir_p='$(MKDIR_P)'
oldincludedir='/usr/include'
pdfdir='${docdir}'
prefix='/usr/local'
program_transform_name='s,x,x,'
psdir='${docdir}'
sbindir='${exec_prefix}/sbin'
sharedstatedir='${prefix}/com'
sysconfdir='${prefix}/etc'
target_alias=''

## ----------- ##
## confdefs.h. ##
## ----------- ##

/* confdefs.h */
#define PACKAGE_NAME "stereodemux"
#define PACKAGE_TARNAME "stereodemux"
#define PACKAGE_VERSION "0.1-SNAPSHOT"
#define PACKAGE_STRING "stereodemux 0.1-SNAPSHOT"
#define PACKAGE_BUGREPORT "oona@kapsi.fi"
#define PACKAGE_URL "https://github.com/windytan/wfm-tools"
#define PACKAGE "stereodemux"
#define VERSION "0.1-SNAPSHOT"
#define HAVE_LIQUID 1
#define HAVE_SNDFILE 1

configure: exit 0
